<?xml version="1.0" encoding="UTF-8"?>
<!-- Generated by org.testng.reporters.JUnitXMLReporter -->
<testsuite ignored="0" hostname="OPS-PW0CLDZV" failures="0" tests="2" name="Functional Testing(failed)" time="5.71" errors="0" timestamp="2025-01-02T10:47:01 EST">
  <testcase classname="UserTypeAccess.RegionalOffice2" name="@BeforeTest setUpApplication" time="5.598">
    <failure type="org.openqa.selenium.TimeoutException" message="Expected condition failed: waiting for visibility of element located by By.xpath: //aside[@class=&amp;apos;mud-drawer mud-drawer-fixed mud-drawer-pos-left mud-drawer--open mud-drawer-md mud-drawer-clipped-never mud-elevation-1 mud-drawer-responsive&amp;apos;] (tried for 2 second(s) with 500 milliseconds interval)
Build info: version: &amp;apos;4.26.0&amp;apos;, revision: &amp;apos;8ccf0219d7&amp;apos;
System info: os.name: &amp;apos;Windows 11&amp;apos;, os.arch: &amp;apos;amd64&amp;apos;, os.version: &amp;apos;10.0&amp;apos;, java.version: &amp;apos;21.0.4&amp;apos;
Driver info: org.openqa.selenium.edge.EdgeDriver
Capabilities {acceptInsecureCerts: false, browserName: MicrosoftEdge, browserVersion: 131.0.2903.112, fedcm:accounts: true, ms:edgeOptions: {debuggerAddress: localhost:60708}, msedge: {msedgedriverVersion: 131.0.2903.112 (16ab910a6e7..., userDataDir: C:\Users\BELLEZMA\AppData\L...}, networkConnectionEnabled: false, pageLoadStrategy: normal, platformName: windows, proxy: Proxy(), se:cdp: ws://localhost:60708/devtoo..., se:cdpVersion: 131.0.2903.112, setWindowRect: true, strictFileInteractability: false, timeouts: {implicit: 0, pageLoad: 300000, script: 30000}, unhandledPromptBehavior: dismiss and notify, webauthn:extension:credBlob: true, webauthn:extension:largeBlob: true, webauthn:extension:minPinLength: true, webauthn:extension:prf: true, webauthn:virtualAuthenticators: true}
Session ID: f6ccbb71a4b260fc183c3d5c55e47038">
      <![CDATA[org.openqa.selenium.TimeoutException: Expected condition failed: waiting for visibility of element located by By.xpath: //aside[@class='mud-drawer mud-drawer-fixed mud-drawer-pos-left mud-drawer--open mud-drawer-md mud-drawer-clipped-never mud-elevation-1 mud-drawer-responsive'] (tried for 2 second(s) with 500 milliseconds interval)
Build info: version: '4.26.0', revision: '8ccf0219d7'
System info: os.name: 'Windows 11', os.arch: 'amd64', os.version: '10.0', java.version: '21.0.4'
Driver info: org.openqa.selenium.edge.EdgeDriver
Capabilities {acceptInsecureCerts: false, browserName: MicrosoftEdge, browserVersion: 131.0.2903.112, fedcm:accounts: true, ms:edgeOptions: {debuggerAddress: localhost:60708}, msedge: {msedgedriverVersion: 131.0.2903.112 (16ab910a6e7..., userDataDir: C:\Users\BELLEZMA\AppData\L...}, networkConnectionEnabled: false, pageLoadStrategy: normal, platformName: windows, proxy: Proxy(), se:cdp: ws://localhost:60708/devtoo..., se:cdpVersion: 131.0.2903.112, setWindowRect: true, strictFileInteractability: false, timeouts: {implicit: 0, pageLoad: 300000, script: 30000}, unhandledPromptBehavior: dismiss and notify, webauthn:extension:credBlob: true, webauthn:extension:largeBlob: true, webauthn:extension:minPinLength: true, webauthn:extension:prf: true, webauthn:virtualAuthenticators: true}
Session ID: f6ccbb71a4b260fc183c3d5c55e47038
at org.openqa.selenium.support.ui.WebDriverWait.timeoutException(WebDriverWait.java:84)
at org.openqa.selenium.support.ui.FluentWait.until(FluentWait.java:228)
at ca.IRM.selenium.utils.NavBar.openMenu(NavBar.java:54)
at ca.IRM.selenium.utils.NavBar.navigateNavOption(NavBar.java:84)
at ca.IRM.selenium.pages.User.changeUserType(User.java:77)
at UserTypeAccess.RegionalOffice2.setUpApplication(RegionalOffice2.java:85)
... Removed 22 stack frames]]>
    </failure>
  </testcase> <!-- @BeforeTest setUpApplication -->
  <testcase classname="UserTypeAccess.RegionalOffice4" name="@BeforeTest setUpApplication" time="-1.735832820942E9">
    <skipped/>
  </testcase> <!-- @BeforeTest setUpApplication -->
  <testcase classname="UserTypeAccess.RegionalOffice2" name="@AfterTest close" time="-1.735832821005E9">
    <skipped/>
  </testcase> <!-- @AfterTest close -->
  <testcase classname="UserTypeAccess.RegionalOffice4" name="@AfterTest close" time="-1.735832821005E9">
    <skipped/>
  </testcase> <!-- @AfterTest close -->
  <testcase classname="UserTypeAccess.RegionalOffice2" name="viewAndUpdate" time="0.0">
    <skipped/>
  </testcase> <!-- viewAndUpdate -->
  <testcase classname="UserTypeAccess.RegionalOffice4" name="viewAndUpdateOnlyIIR" time="0.0">
    <skipped/>
  </testcase> <!-- viewAndUpdateOnlyIIR -->
</testsuite> <!-- Functional Testing(failed) -->
